##############################
Log started on 01/10/2020 13:42:15

##############################
Log started on 01/10/2020 13:43:44

##############################
Log started on 01/10/2020 13:45:15

##############################
Log started on 01/10/2020 13:46:44

##############################
Log started on 01/10/2020 13:48:13

##############################
Log started on 01/10/2020 13:49:44

##############################
Log started on 01/10/2020 13:51:15

##############################
Log started on 01/10/2020 13:52:44

##############################
Log started on 01/10/2020 13:54:14

##############################
Log started on 01/10/2020 13:55:43

##############################
Log started on 01/10/2020 14:02:10

##############################
Log started on 01/10/2020 14:06:41

01/10/2020 14:09:16: [Help] <23957>a grizzled man joined the channel.
01/10/2020 14:30:25: [Help] <23957>a grizzled man left the channel.
01/10/2020 14:30:44: [Help] <60>Whipmaster joined the channel.
01/10/2020 14:36:53: [Help] <23957>a grizzled man joined the channel.
01/10/2020 14:38:41: [Help] <23957>a grizzled man left the channel.
##############################
Log started on 01/10/2020 16:35:11

01/10/2020 18:27:10: [Help] <23957>a grizzled man joined the channel.
01/10/2020 18:32:07: [Help] <60>Whipmaster joined the channel.
01/10/2020 18:35:04: [Help] <23957>a grizzled man left the channel.
01/10/2020 18:41:11: [Help] <31120>a merry man joined the channel.
01/10/2020 21:11:44: [Help] <31120>a merry man left the channel.
01/10/2020 21:11:54: [Help] <23957>a grizzled man joined the channel.
##############################
Log started on 01/10/2020 21:31:20

01/10/2020 21:32:07: [Help] <23957>a grizzled man joined the channel.
##############################
Log started on 01/10/2020 21:36:03

01/10/2020 21:36:45: [Help] <23957>a grizzled man joined the channel.
01/10/2020 21:54:38: [Help] <60>Whipmaster joined the channel.
01/10/2020 22:19:22: [Help] <23957>a grizzled man left the channel.
01/10/2020 22:19:26: [Help] <60>Whipmaster left the channel.
02/10/2020 12:14:25: [Help] <44829>Bremer joined the channel.
02/10/2020 13:28:53: [Help] <60>Whipmaster joined the channel.
02/10/2020 14:06:51: [Help] <60>Whipmaster left the channel.
02/10/2020 14:07:11: [Help] <60>Whipmaster joined the channel.
02/10/2020 14:10:15: [Help] <44829>Bremer left the channel.
02/10/2020 14:10:46: [Help] <44829>Bremer joined the channel.
02/10/2020 16:34:58: [Help] <44829>Bremer left the channel.
02/10/2020 16:37:47: [Help] <45383>Flint joined the channel.
02/10/2020 19:44:04: [Help] <45383>Flint left the channel.
02/10/2020 19:57:14: [Help] <23957>a grizzled man joined the channel.
02/10/2020 19:59:48: [Help] <23957>a grizzled man left the channel.
02/10/2020 20:10:22: [Help] <45383>Flint joined the channel.
02/10/2020 20:18:45: [Help] <45383>Flint left the channel.
02/10/2020 20:19:30: [Help] <23957>a grizzled man joined the channel.
02/10/2020 20:20:54: [Help] <23957>a grizzled man left the channel.
02/10/2020 20:21:31: [Help] <45383>Flint joined the channel.
02/10/2020 20:45:52: [Help] <45383>Flint left the channel.
02/10/2020 20:46:16: [Help] <45383>Flint joined the channel.
02/10/2020 20:47:11: [Help] <45383>Flint left the channel.
02/10/2020 20:47:53: [Help] <60>Whipmaster left the channel.
03/10/2020 12:01:36: [Help] <44829>Bremer joined the channel.
03/10/2020 12:12:51: [Help] <44829>Bremer left the channel.
03/10/2020 12:13:00: [Help] <45383>Flint joined the channel.
03/10/2020 12:24:20: [Help] <45383>Flint left the channel.
03/10/2020 12:24:31: [Help] <23957>a grizzled man joined the channel.
03/10/2020 12:36:26: [Help] <23957>a grizzled man left the channel.
03/10/2020 12:36:36: [Help] <45383>Flint joined the channel.
03/10/2020 12:39:47: [Help] <45383>Flint left the channel.
03/10/2020 12:39:56: [Help] <44829>Bremer joined the channel.
03/10/2020 12:56:37: [Help] <44829>Bremer left the channel.
03/10/2020 18:27:44: [Help] <31120>a merry man joined the channel.
