##############################
Log started on 30/09/2020 13:34:09

30/09/2020 13:36:47: [Help] <60>Whipmaster joined the channel.
30/09/2020 13:41:02: [Help] <23957>a grizzled man joined the channel.
30/09/2020 13:55:54: [Help] <60>Whipmaster left the channel.
30/09/2020 13:57:54: [Help] <23957>a grizzled man left the channel.
30/09/2020 13:59:28: [Help] <23957>a grizzled man joined the channel.
30/09/2020 14:01:22: [Help] <23957>a grizzled man left the channel.
30/09/2020 14:02:53: [Help] <23957>a grizzled man joined the channel.
30/09/2020 14:03:37: [Help] <23957>a grizzled man left the channel.
30/09/2020 14:04:02: [Help] <23957>a grizzled man joined the channel.
30/09/2020 15:23:43: [Help] <60>Whipmaster joined the channel.
30/09/2020 16:06:54: [Help] <60>Whipmaster left the channel.
30/09/2020 17:21:30: [Help] <60>Whipmaster joined the channel.
30/09/2020 21:37:33: [Help] <23957>a grizzled man left the channel.
30/09/2020 23:35:00: [Help] <60>Whipmaster left the channel.
01/10/2020 00:01:49: [Help] <23957>a grizzled man joined the channel.
01/10/2020 00:03:05: [Help] <60>Whipmaster joined the channel.
01/10/2020 03:16:06: [Help] <23957>a grizzled man left the channel.
01/10/2020 03:49:39: [Help] <23957>a grizzled man joined the channel.
01/10/2020 03:52:15: [Help] <60>Whipmaster left the channel.
01/10/2020 04:05:24: [Help] <23957>a grizzled man left the channel.
01/10/2020 04:05:43: [Help] <60>Whipmaster joined the channel.
01/10/2020 05:17:03: [Help] <60>Whipmaster left the channel.
01/10/2020 12:42:30: [Help] <23957>a grizzled man joined the channel.
01/10/2020 12:43:03: [Help] <23957>a grizzled man left the channel.
01/10/2020 13:04:56: [Help] <23957>a grizzled man joined the channel.
01/10/2020 13:24:11: [Help] <60>Whipmaster joined the channel.
