29/09/2020 20:01:42: <60>Whipmaster joined the channel.
29/09/2020 20:51:11: <60>Whipmaster joined the channel.
29/09/2020 21:34:59: <60>Whipmaster left the channel.
29/09/2020 21:42:45: <60>Whipmaster joined the channel.
29/09/2020 21:45:25: <23957>a grizzled man joined the channel.
29/09/2020 21:51:19: <60>Whipmaster left the channel.
30/09/2020 13:36:47: <60>Whipmaster joined the channel.
30/09/2020 13:41:02: <23957>a grizzled man joined the channel.
30/09/2020 13:55:54: <60>Whipmaster left the channel.
01/10/2020 14:09:16: <23957>a grizzled man joined the channel.
01/10/2020 14:30:25: <23957>a grizzled man left the channel.
01/10/2020 18:27:10: <23957>a grizzled man joined the channel.
01/10/2020 18:32:07: <60>Whipmaster joined the channel.
01/10/2020 18:35:04: <23957>a grizzled man left the channel.
01/10/2020 21:32:07: <23957>a grizzled man joined the channel.
01/10/2020 21:36:45: <23957>a grizzled man joined the channel.
01/10/2020 21:54:38: <60>Whipmaster joined the channel.
01/10/2020 22:19:22: <23957>a grizzled man left the channel.
03/10/2020 18:58:55: <60>Whipmaster joined the channel.
03/10/2020 19:24:42: <31120>a merry man joined the channel.
03/10/2020 20:13:49: <31120>a merry man left the channel.
